<?xml version="1.0" encoding="UTF-8" ?>
<testsuite failures="0" time="0.048" errors="0" skipped="0" tests="12" name="com.maven.test.RunCukesTest">
  <properties>
[...]
</properties>
  <testcase time="0.004" classname="Scenario: Advance Search in Google" name="Given user is on google search page"/>
  <testcase time="0" classname="Scenario: Advance Search in Google" name="When enter &quot;testing&quot; text into search field"/>
  <testcase time="0" classname="Scenario: Advance Search in Google" name="And click on search button"/>
  <testcase time="0" classname="Scenario: Advance Search in Google" name="And click on advance search icon"/>
  <testcase time="0" classname="Scenario: Advance Search in Google" name="And click on advance search link"/>
  <testcase time="0" classname="Scenario: Advance Search in Google" name="And click on advance search button"/>
  <testcase time="0" classname="Scenario: Advance Search in Google" name="Then verify first link text &quot;testing&quot;"/>
  <testcase time="0.029" classname="Scenario: Advance Search in Google" name="Scenario: Advance Search in Google"/>
  <testcase time="0" classname="Scenario: Say hello" name="Given I have a hello app with &quot;Hari&quot;"/>
  <testcase time="0" classname="Scenario: Say hello" name="When I ask it to say hi"/>
  <testcase time="0" classname="Scenario: Say hello" name="Then it should answer with &quot;Hari World&quot;"/>
  <testcase time="0.015" classname="Scenario: Say hello" name="Scenario: Say hello"/>
</testsuite>