<?xml version="1.0" encoding="UTF-8"?><testsuite failures="0" name="cucumber.runtime.formatter.JUnitFormatter" skipped="0" tests="2" time="46.609773">
<testcase classname="Google Search" name="Advance Search in Google" time="37.975602">
<system-out><![CDATA[Given user is on google search page.........................................passed
When enter "testing" text into search field.................................passed
And click on search button..................................................passed
And click on advance search icon............................................passed
And click on advance search link............................................passed
And click on advance search button..........................................passed
Then verify first link text "testing".......................................passed
]]></system-out>
</testcase>
<testcase classname="Hello World" name="Say hello" time="8.634171">
<system-out><![CDATA[Given I have a hello app with "Hari"........................................passed
When I ask it to say hi.....................................................passed
Then it should answer with "Hari World".....................................passed
]]></system-out>
</testcase>
</testsuite>
